c:\users\калин\desktop\c++projects\oop\svgfileprogram\svgfileprogram\debug\vc142.pdb
c:\users\калин\desktop\c++projects\oop\svgfileprogram\svgfileprogram\debug\vc142.idb
c:\users\калин\desktop\c++projects\oop\svgfileprogram\svgfileprogram\debug\svgshape.obj
c:\users\калин\desktop\c++projects\oop\svgfileprogram\svgfileprogram\debug\svgrectangle.obj
c:\users\калин\desktop\c++projects\oop\svgfileprogram\svgfileprogram\debug\svgprogram.obj
c:\users\калин\desktop\c++projects\oop\svgfileprogram\svgfileprogram\debug\svgline.obj
c:\users\калин\desktop\c++projects\oop\svgfileprogram\svgfileprogram\debug\svgfileprogram.obj
c:\users\калин\desktop\c++projects\oop\svgfileprogram\svgfileprogram\debug\svgfileholder.obj
c:\users\калин\desktop\c++projects\oop\svgfileprogram\svgfileprogram\debug\svgcircle.obj
c:\users\калин\desktop\c++projects\oop\svgfileprogram\svgfileprogram\debug\point.obj
c:\users\калин\desktop\c++projects\oop\svgfileprogram\debug\svgfileprogram.exe
c:\users\калин\desktop\c++projects\oop\svgfileprogram\svgfileprogram\debug\svgfileprogram.ilk
c:\users\калин\desktop\c++projects\oop\svgfileprogram\debug\svgfileprogram.pdb
c:\users\калин\desktop\c++projects\oop\svgfileprogram\svgfileprogram\debug\svgfileholder.obj.enc
c:\users\калин\desktop\c++projects\oop\svgfileprogram\svgfileprogram\debug\point.nativecodeanalysis.xml
c:\users\калин\desktop\c++projects\oop\svgfileprogram\svgfileprogram\debug\svgcircle.nativecodeanalysis.xml
c:\users\калин\desktop\c++projects\oop\svgfileprogram\svgfileprogram\debug\svgfileholder.nativecodeanalysis.xml
c:\users\калин\desktop\c++projects\oop\svgfileprogram\svgfileprogram\debug\svgfileprogram.nativecodeanalysis.xml
c:\users\калин\desktop\c++projects\oop\svgfileprogram\svgfileprogram\debug\svgline.nativecodeanalysis.xml
c:\users\калин\desktop\c++projects\oop\svgfileprogram\svgfileprogram\debug\svgprogram.nativecodeanalysis.xml
c:\users\калин\desktop\c++projects\oop\svgfileprogram\svgfileprogram\debug\svgrectangle.nativecodeanalysis.xml
c:\users\калин\desktop\c++projects\oop\svgfileprogram\svgfileprogram\debug\svgshape.nativecodeanalysis.xml
c:\users\калин\desktop\c++projects\oop\svgfileprogram\svgfileprogram\debug\vc.nativecodeanalysis.all.xml
c:\users\калин\desktop\c++projects\oop\svgfileprogram\svgfileprogram\debug\svgfileprogram.tlog\cl.command.1.tlog
c:\users\калин\desktop\c++projects\oop\svgfileprogram\svgfileprogram\debug\svgfileprogram.tlog\cl.read.1.tlog
c:\users\калин\desktop\c++projects\oop\svgfileprogram\svgfileprogram\debug\svgfileprogram.tlog\cl.write.1.tlog
c:\users\калин\desktop\c++projects\oop\svgfileprogram\svgfileprogram\debug\svgfileprogram.tlog\link.command.1.tlog
c:\users\калин\desktop\c++projects\oop\svgfileprogram\svgfileprogram\debug\svgfileprogram.tlog\link.read.1.tlog
c:\users\калин\desktop\c++projects\oop\svgfileprogram\svgfileprogram\debug\svgfileprogram.tlog\link.write.1.tlog
